<?xml version="1.0" encoding="UTF-8"?>
<testng-results ignored="2" total="4" passed="2" failed="0" skipped="0">
  <reporter-output>
  </reporter-output>
  <suite started-at="2021-05-22T14:29:09 BDT" name="Test-Suite" finished-at="2021-05-22T14:30:58 BDT" duration-ms="109303">
    <groups>
    </groups>
    <test started-at="2021-05-22T14:29:09 BDT" name="Test" finished-at="2021-05-22T14:30:58 BDT" duration-ms="109303">
      <class name="com.automation.UserRegistrationOne">
        <test-method is-config="true" signature="setDriver()[pri:0, instance:com.automation.UserRegistrationOne@68c9133c]" started-at="2021-05-22T14:29:05 BDT" name="setDriver" finished-at="2021-05-22T14:29:09 BDT" duration-ms="3824" status="PASS">
          <reporter-output>
          </reporter-output>
        </test-method> <!-- setDriver -->
        <test-method signature="registration()[pri:0, instance:com.automation.UserRegistrationOne@68c9133c]" started-at="2021-05-22T14:29:09 BDT" name="registration" finished-at="2021-05-22T14:29:56 BDT" duration-ms="46669" status="PASS">
          <reporter-output>
          </reporter-output>
        </test-method> <!-- registration -->
        <test-method is-config="true" signature="close()[pri:0, instance:com.automation.UserRegistrationOne@68c9133c]" started-at="2021-05-22T14:30:58 BDT" name="close" finished-at="2021-05-22T14:30:59 BDT" duration-ms="173" status="PASS">
          <reporter-output>
          </reporter-output>
        </test-method> <!-- close -->
      </class> <!-- com.automation.UserRegistrationOne -->
      <class name="com.automation.UserRegistrationTwoAndOrderConfirm">
        <test-method signature="registrationAndBuy()[pri:0, instance:com.automation.UserRegistrationTwoAndOrderConfirm@7a35b0f5]" started-at="2021-05-22T14:29:56 BDT" name="registrationAndBuy" finished-at="2021-05-22T14:30:58 BDT" duration-ms="62587" status="PASS">
          <reporter-output>
          </reporter-output>
        </test-method> <!-- registrationAndBuy -->
      </class> <!-- com.automation.UserRegistrationTwoAndOrderConfirm -->
    </test> <!-- Test -->
  </suite> <!-- Test-Suite -->
</testng-results>
